app/build/intermediates/manifest_merge_blame_file/debug/manifest-merger-blame-debug-report.txt
1<?xml version="1.0" encoding="utf-8"?>
2<manifest xmlns:android="http://schemas.android.com/apk/res/android"
3    package="com.example.androidsocketfiletransferclient"
4    android:versionCode="1"
5    android:versionName="1.0" >
6
7    <uses-sdk
7-->src\main\AndroidManifest.xml:7:5-9:41
8        android:minSdkVersion="14"
8-->src\main\AndroidManifest.xml:8:9-35
9        android:targetSdkVersion="30" />
9-->src\main\AndroidManifest.xml:9:9-38
10
11    <uses-permission android:name="android.permission.INTERNET" />
11-->src\main\AndroidManifest.xml:10:5-66
11-->src\main\AndroidManifest.xml:10:22-64
12    <uses-permission android:name="android.permission.WRITE_EXTERNAL_STORAGE" />
12-->src\main\AndroidManifest.xml:11:5-80
12-->src\main\AndroidManifest.xml:11:22-78
13
14    <application
14-->src\main\AndroidManifest.xml:13:5-27:19
15        android:allowBackup="true"
15-->src\main\AndroidManifest.xml:14:9-35
16        android:appComponentFactory="androidx.core.app.CoreComponentFactory"
16-->[androidx.core:core:1.0.0] AndroidManifest.xml:22:18-86
17        android:debuggable="true"
18        android:icon="@drawable/ic_launcher"
18-->src\main\AndroidManifest.xml:15:9-45
19        android:label="@string/app_name"
19-->src\main\AndroidManifest.xml:16:9-41
20        android:testOnly="true"
21        android:theme="@style/AppTheme" >
21-->src\main\AndroidManifest.xml:17:9-40
22        <activity
22-->src\main\AndroidManifest.xml:18:9-26:20
23            android:name="com.example.androidsocketfiletransferclient.MainActivity"
23-->src\main\AndroidManifest.xml:19:13-41
24            android:label="@string/app_name" >
24-->src\main\AndroidManifest.xml:20:13-45
25            <intent-filter>
25-->src\main\AndroidManifest.xml:21:13-25:29
26                <action android:name="android.intent.action.MAIN" />
26-->src\main\AndroidManifest.xml:22:17-69
26-->src\main\AndroidManifest.xml:22:25-66
27
28                <category android:name="android.intent.category.LAUNCHER" />
28-->src\main\AndroidManifest.xml:24:17-77
28-->src\main\AndroidManifest.xml:24:27-74
29            </intent-filter>
30        </activity>
31    </application>
32
33</manifest>